<?xml version="1.0" encoding="UTF-8"?>
<!-- Generated by org.testng.reporters.JUnitXMLReporter -->
<testsuite hostname="5CG94406YL" name="Backend" tests="7" failures="0" timestamp="2 Aug 2021 18:44:07 GMT" time="0.031" errors="0">
  <testcase name="testdel" time="0.0" classname="AdvancedTestNG.TestDatabase"/>
  <testcase name="testinsert" time="0.0" classname="AdvancedTestNG.TestDatabase"/>
  <testcase name="testupdate" time="0.0" classname="AdvancedTestNG.TestDatabase"/>
  <testcase name="close" time="0.0" classname="AdvancedTestNG.TestSecurity"/>
  <testcase name="open" time="0.0" classname="AdvancedTestNG.TestSecurity"/>
  <testcase name="pick" time="0.0" classname="AdvancedTestNG.Testshipping"/>
  <testcase name="stage" time="0.0" classname="AdvancedTestNG.Testshipping"/>
</testsuite> <!-- Backend -->
