<?xml version="1.0" encoding="UTF-8"?>
<testng-results skipped="0" failed="0" total="1" passed="1">
  <reporter-output>
  </reporter-output>
  <suite name="Default suite" duration-ms="16342" started-at="2021-12-08T17:14:33Z" finished-at="2021-12-08T17:14:49Z">
    <groups>
    </groups>
    <test name="Default test" duration-ms="16342" started-at="2021-12-08T17:14:33Z" finished-at="2021-12-08T17:14:49Z">
      <class name="seleniumsamplepgms.Breakfromloop">
        <test-method status="PASS" signature="looptest()[pri:0, instance:seleniumsamplepgms.Breakfromloop@32d992b2]" name="looptest" duration-ms="16316" started-at="2021-12-08T11:14:33Z" finished-at="2021-12-08T11:14:49Z">
          <reporter-output>
          </reporter-output>
        </test-method> <!-- looptest -->
      </class> <!-- seleniumsamplepgms.Breakfromloop -->
    </test> <!-- Default test -->
  </suite> <!-- Default suite -->
</testng-results>
